Command line:
   cbits_isim_beh.exe
     -simmode  gui
     -simrunnum  0
     -socket  62368

Sat May 29 15:55:12 2021


 Elaboration Time: 0.03125 sec

 Current Memory Usage: 5150.83 Meg

 Total Signals          : 6
 Total Nets             : 6
 Total Signal Drivers   : 2
 Total Blocks           : 4
 Total Primitive Blocks : 4
 Total Processes        : 1
 Total Traceable Variables  : 10
 Total Scalar Nets and Variables : 384
Total Line Count : 13
Total Line Count : 13

 Total Simulation Time: 0.046875 sec

 Current Memory Usage: 4678.97 Meg

Sat May 29 15:57:50 2021

