Running: C:\Xilinx\14.7\ISE_DS\ISE\bin\nt64\unwrapped\fuse.exe -intstyle ise -incremental -o D:/Prototipacao Digital/prototipacao-digital/GB/Comparador/aagb1/comparador_isim_beh.exe -prj D:/Prototipacao Digital/prototipacao-digital/GB/Comparador/aagb1/comparador_beh.prj work.comparador 
ISim P.20131013 (signature 0x7708f090)
Number of CPUs detected in this system: 8
Turning on mult-threading, number of parallel sub-compilation jobs: 16 
Determining compilation order of HDL files
Parsing VHDL file "D:/Prototipacao Digital/prototipacao-digital/GB/Comparador/aagb1/cbits.vhd" into library work
Parsing VHDL file "D:/Prototipacao Digital/prototipacao-digital/GB/Comparador/aagb1/comparador.vhd" into library work
Starting static elaboration
Completed static elaboration
Compiling package standard
Compiling package std_logic_1164
Compiling package std_logic_arith
Compiling package std_logic_unsigned
Compiling architecture cbits of entity cbits [cbits_default]
Compiling architecture comparador of entity comparador
Time Resolution for simulation is 1ps.
Waiting for 1 sub-compilation(s) to finish...
Compiled 7 VHDL Units
Built simulation executable D:/Prototipacao Digital/prototipacao-digital/GB/Comparador/aagb1/comparador_isim_beh.exe
Fuse Memory Usage: 34688 KB
Fuse CPU Usage: 437 ms
