ISim log file
Running: C:\unisinos\prototipacao-digital-ga-1\GB\aagb1\cbits_isim_beh.exe -intstyle ise -gui -tclbatch isim.cmd -wdb C:/unisinos/prototipacao-digital-ga-1/GB/aagb1/cbits_isim_beh.wdb 
ISim P.20131013 (signature 0x7708f090)
WARNING: A WEBPACK license was found.
WARNING: Please use Xilinx License Configuration Manager to check out a full ISim license.
WARNING: ISim will run in Lite mode. Please refer to the ISim documentation for more information on the differences between the Lite and the Full version.
This is a Lite version of ISim.
Time resolution is 1 ps
# onerror resume
# wave add /
# run 1000 ns
Simulator is doing circuit initialization process.
Finished circuit initialization process.
# isim force add /cbits/ab 1 -radix bin
# isim force add /cbits/bb 0 -radix bin
# isim force add /cbits/e_ma 0 -radix bin
# isim force add /cbits/e_me 1 -radix bin
# restart
# isim force add /cbits/ab 1 -radix bin
# isim force add /cbits/bb 0 -radix bin
# isim force add /cbits/e_ma 0 -radix bin
# isim force add /cbits/e_me 1 -radix bin
# run 100ns
Simulator is doing circuit initialization process.
Finished circuit initialization process.
# restart
# isim force add /cbits/ab 0 -radix bin
# isim force add /cbits/bb 1 -radix bin
# isim force add /cbits/e_ma 1 -radix bin
# isim force add /cbits/e_me 0 -radix bin
# run 100ns
Simulator is doing circuit initialization process.
Finished circuit initialization process.
# restart
# isim force add /cbits/ab 1 -radix bin
# isim force add /cbits/bb 1 -radix bin
# isim force add /cbits/e_ma 0 -radix bin
# isim force add /cbits/e_me 0 -radix bin
# run 100ns
Simulator is doing circuit initialization process.
Finished circuit initialization process.
