Command line:
   ula_isim_beh.exe
     -simmode  gui
     -simrunnum  0
     -socket  50061

Thu May 06 21:52:43 2021


 Elaboration Time: 0.046875 sec

 Current Memory Usage: 5149.8 Meg

 Total Signals          : 12
 Total Nets             : 26
 Total Signal Drivers   : 13
 Total Blocks           : 4
 Total Primitive Blocks : 4
 Total Processes        : 13
 Total Traceable Variables  : 10
 Total Scalar Nets and Variables : 404
Total Line Count : 13

 Total Simulation Time: 0.0625 sec

 Current Memory Usage: 4677.94 Meg

Fri May 07 01:15:47 2021

