ISim log file
Running: D:\Prototipacao Digital\GA\Atividade 1\prototipacao-digital-ga-1\controle_tanque\controle_tanque_isim_beh.exe -intstyle ise -gui -tclbatch isim.cmd -wdb D:/Prototipacao Digital/GA/Atividade 1/prototipacao-digital-ga-1/controle_tanque/controle_tanque_isim_beh.wdb 
ISim P.20131013 (signature 0x7708f090)
WARNING: A WEBPACK license was found.
WARNING: Please use Xilinx License Configuration Manager to check out a full ISim license.
WARNING: ISim will run in Lite mode. Please refer to the ISim documentation for more information on the differences between the Lite and the Full version.
This is a Lite version of ISim.
Time resolution is 1 ps
# onerror resume
# wave add /
# run 1000 ns
Simulator is doing circuit initialization process.
Finished circuit initialization process.
# isim force add /controle_tanque/lh 1 -radix bin -cancel 100 ns
# restart
# isim force add /controle_tanque/lh 1 -radix bin -cancel 100 ns
# isim force add /controle_tanque/ll 1 -radix bin -cancel 100 ns
# isim force add /controle_tanque/th 0 -radix bin -cancel 100 ns
# isim force add /controle_tanque/tc 0 -radix bin -cancel 100 ns
# run 100ns
Simulator is doing circuit initialization process.
Finished circuit initialization process.
# run 100ns
# restart
# isim force add /controle_tanque/lh 1 -radix bin -cancel 100 ns
# isim force add /controle_tanque/lh 1 -radix bin -cancel 100 ns
# isim force add /controle_tanque/ll 0 -radix bin -cancel 100 ns
# isim force add /controle_tanque/ll 0 -radix bin -cancel 100 ns
# isim force add /controle_tanque/th 0 -radix bin -cancel 100 ns
# isim force add /controle_tanque/th 0 -radix bin -cancel 100 ns
# isim force add /controle_tanque/tc 0 -radix bin -cancel 100 ns
# isim force add /controle_tanque/tc 0 -radix bin -cancel 100 ns
# run 100ns
Simulator is doing circuit initialization process.
Finished circuit initialization process.
# restart
# isim force add /controle_tanque/lh 1 -radix bin -cancel 100 ns
# isim force add /controle_tanque/ll 0 -radix bin -cancel 100 ns
# isim force add /controle_tanque/th 0 -radix bin -cancel 100 ns
# isim force add /controle_tanque/tc 0 -radix bin -cancel 100 ns
# run 100ns
Simulator is doing circuit initialization process.
Finished circuit initialization process.
