Command line:
   controle_saidas_isim_beh.exe
     -simmode  gui
     -simrunnum  0
     -socket  58763

Wed Jun 23 00:17:56 2021


 Elaboration Time: 0.03125 sec

 Current Memory Usage: 5150.83 Meg

 Total Signals          : 10
 Total Nets             : 12
 Total Signal Drivers   : 9
 Total Blocks           : 4
 Total Primitive Blocks : 4
 Total Processes        : 1
 Total Traceable Variables  : 10
 Total Scalar Nets and Variables : 390
Total Line Count : 22
Total Line Count : 22
Total Line Count : 22

 Total Simulation Time: 0.078125 sec

 Current Memory Usage: 5465.41 Meg

Wed Jun 23 00:18:38 2021

