ISim log file
Running: D:\Prototipacao Digital\GA\Atividade 1\prototipacao-digital-ga-1\Projeto_ULA\ula\ula_isim_beh.exe -intstyle ise -gui -tclbatch isim.cmd -wdb D:/Prototipacao Digital/GA/Atividade 1/prototipacao-digital-ga-1/Projeto_ULA/ula/ula_isim_beh.wdb 
ISim P.20131013 (signature 0x7708f090)
WARNING: A WEBPACK license was found.
WARNING: Please use Xilinx License Configuration Manager to check out a full ISim license.
WARNING: ISim will run in Lite mode. Please refer to the ISim documentation for more information on the differences between the Lite and the Full version.
This is a Lite version of ISim.
Time resolution is 1 ps
# onerror resume
# wave add /
# run 1000 ns
Simulator is doing circuit initialization process.
at 0 ps, Instance /ula/ : Warning: There is an 'U'|'X'|'W'|'Z'|'-' in an arithmetic operand, the result will be 'X'(es).
Finished circuit initialization process.
# restart
# isim force add /ula/a 1010 -radix bin -cancel 50 ns
# isim force add /ula/b 0011 -radix bin -cancel 50 ns
# isim force add /ula/c_in 0 -radix bin -cancel 50 ns
# isim force add /ula/muxsel 0 -radix bin -cancel 50 ns
# run 50ns
Simulator is doing circuit initialization process.
Finished circuit initialization process.
# restart
# isim force add /ula/a 1000 -radix bin -cancel 50 ns
# isim force add /ula/b 0111 -radix bin -cancel 50 ns
# isim force add /ula/c_in 1 -radix bin -cancel 50 ns
# isim force add /ula/muxsel 0 -radix bin -cancel 50 ns
# run 50ns
Simulator is doing circuit initialization process.
Finished circuit initialization process.
# restart
# isim force add /ula/a 1100 -radix bin -cancel 50 ns
# isim force add /ula/b 1010 -radix bin -cancel 50 ns
# isim force add /ula/c_in 0 -radix bin -cancel 50 ns
# isim force add /ula/muxsel 1 -radix bin -cancel 50 ns
# run 50ns
Simulator is doing circuit initialization process.
Finished circuit initialization process.
