Release 14.7 - xst P.20131013 (nt64)
Copyright (c) 1995-2013 Xilinx, Inc.  All rights reserved.
--> Parameter TMPDIR set to xst/projnav.tmp


Total REAL time to Xst completion: 0.00 secs
Total CPU time to Xst completion: 0.27 secs
 
--> Parameter xsthdpdir set to xst


Total REAL time to Xst completion: 0.00 secs
Total CPU time to Xst completion: 0.28 secs
 
--> Reading design: ula.prj

TABLE OF CONTENTS
  1) Synthesis Options Summary
  2) HDL Compilation
  3) Design Hierarchy Analysis
  4) HDL Analysis
  5) HDL Synthesis
     5.1) HDL Synthesis Report
  6) Advanced HDL Synthesis
     6.1) Advanced HDL Synthesis Report
  7) Low Level Synthesis
  8) Partition Report
  9) Final Report
	9.1) Device utilization summary
	9.2) Partition Resource Summary
	9.3) TIMING REPORT


=========================================================================
*                      Synthesis Options Summary                        *
=========================================================================
---- Source Parameters
Input File Name                    : "ula.prj"
Input Format                       : mixed
Ignore Synthesis Constraint File   : NO

---- Target Parameters
Output File Name                   : "ula"
Output Format                      : NGC
Target Device                      : xc3s500e-4-fg320

---- Source Options
Top Module Name                    : ula
Automatic FSM Extraction           : YES
FSM Encoding Algorithm             : Auto
Safe Implementation                : No
FSM Style                          : LUT
RAM Extraction                     : Yes
RAM Style                          : Auto
ROM Extraction                     : Yes
Mux Style                          : Auto
Decoder Extraction                 : YES
Priority Encoder Extraction        : Yes
Shift Register Extraction          : YES
Logical Shifter Extraction         : YES
XOR Collapsing                     : YES
ROM Style                          : Auto
Mux Extraction                     : Yes
Resource Sharing                   : YES
Asynchronous To Synchronous        : NO
Multiplier Style                   : Auto
Automatic Register Balancing       : No

---- Target Options
Add IO Buffers                     : YES
Global Maximum Fanout              : 100000
Add Generic Clock Buffer(BUFG)     : 24
Register Duplication               : YES
Slice Packing                      : YES
Optimize Instantiated Primitives   : NO
Use Clock Enable                   : Yes
Use Synchronous Set                : Yes
Use Synchronous Reset              : Yes
Pack IO Registers into IOBs        : Auto
Equivalent register Removal        : YES

---- General Options
Optimization Goal                  : Speed
Optimization Effort                : 1
Keep Hierarchy                     : No
Netlist Hierarchy                  : As_Optimized
RTL Output                         : Yes
Global Optimization                : AllClockNets
Read Cores                         : YES
Write Timing Constraints           : NO
Cross Clock Analysis               : NO
Hierarchy Separator                : /
Bus Delimiter                      : <>
Case Specifier                     : Maintain
Slice Utilization Ratio            : 100
BRAM Utilization Ratio             : 100
Verilog 2001                       : YES
Auto BRAM Packing                  : NO
Slice Utilization Ratio Delta      : 5

=========================================================================


=========================================================================
*                          HDL Compilation                              *
=========================================================================
Compiling vhdl file "C:/unisinos/prototipacao-digital-ga-1/Projeto_ULA/ula/ula.vhd" in Library work.
Entity <ula> compiled.
Entity <ula> (Architecture <ula>) compiled.

=========================================================================
*                     Design Hierarchy Analysis                         *
=========================================================================
Analyzing hierarchy for entity <ula> in library <work> (architecture <ula>).


=========================================================================
*                            HDL Analysis                               *
=========================================================================
Analyzing Entity <ula> in library <work> (Architecture <ula>).
Entity <ula> analyzed. Unit <ula> generated.


=========================================================================
*                           HDL Synthesis                               *
=========================================================================

Performing bidirectional port resolution...

Synthesizing Unit <ula>.
    Related source file is "C:/unisinos/prototipacao-digital-ga-1/Projeto_ULA/ula/ula.vhd".
    Found 1-bit xor2 for signal <S<4>>.
    Found 1-bit xor2 for signal <s_b0>.
    Found 1-bit xor2 for signal <s_b1>.
    Found 1-bit xor2 for signal <s_b2>.
    Found 1-bit xor2 for signal <s_b3>.
    Found 2-bit adder for signal <s_soma0>.
    Found 2-bit adder for signal <s_soma0$addsub0000> created at line 78.
    Found 2-bit adder for signal <s_soma1>.
    Found 2-bit adder for signal <s_soma1$addsub0000> created at line 79.
    Found 2-bit adder for signal <s_soma2>.
    Found 2-bit adder for signal <s_soma2$addsub0000> created at line 80.
    Found 2-bit adder for signal <s_soma3>.
    Found 2-bit adder for signal <s_soma3$addsub0000> created at line 81.
    Summary:
	inferred   8 Adder/Subtractor(s).
Unit <ula> synthesized.


=========================================================================
HDL Synthesis Report

Macro Statistics
# Adders/Subtractors                                   : 8
 2-bit adder                                           : 8
# Xors                                                 : 5
 1-bit xor2                                            : 5

=========================================================================

=========================================================================
*                       Advanced HDL Synthesis                          *
=========================================================================


=========================================================================
Advanced HDL Synthesis Report

Macro Statistics
# Adders/Subtractors                                   : 4
 2-bit adder carry in                                  : 4
# Xors                                                 : 5
 1-bit xor2                                            : 5

=========================================================================

=========================================================================
*                         Low Level Synthesis                           *
=========================================================================

Optimizing unit <ula> ...

Mapping all equations...
Building and optimizing final netlist ...
Found area constraint ratio of 100 (+ 5) on block ula, actual ratio is 0.

Final Macro Processing ...

=========================================================================
Final Register Report

Found no macro
=========================================================================

=========================================================================
*                           Partition Report                            *
=========================================================================

Partition Implementation Status
-------------------------------

  No Partitions were found in this design.

-------------------------------

=========================================================================
*                            Final Report                               *
=========================================================================
Final Results
RTL Top Level Output File Name     : ula.ngr
Top Level Output File Name         : ula
Output Format                      : NGC
Optimization Goal                  : Speed
Keep Hierarchy                     : No

Design Statistics
# IOs                              : 14

Cell Usage :
# BELS                             : 11
#      LUT2                        : 1
#      LUT4                        : 8
#      MUXF5                       : 2
# IO Buffers                       : 14
#      IBUF                        : 9
#      OBUF                        : 5
=========================================================================

Device utilization summary:
---------------------------

Selected Device : 3s500efg320-4 

 Number of Slices:                        5  out of   4656     0%  
 Number of 4 input LUTs:                  9  out of   9312     0%  
 Number of IOs:                          14
 Number of bonded IOBs:                  14  out of    232     6%  

---------------------------
Partition Resource Summary:
---------------------------

  No Partitions were found in this design.

---------------------------


=========================================================================
TIMING REPORT

NOTE: THESE TIMING NUMBERS ARE ONLY A SYNTHESIS ESTIMATE.
      FOR ACCURATE TIMING INFORMATION PLEASE REFER TO THE TRACE REPORT
      GENERATED AFTER PLACE-and-ROUTE.

Clock Information:
------------------
No clock signals found in this design

Asynchronous Control Signals Information:
----------------------------------------
No asynchronous control signals found in this design

Timing Summary:
---------------
Speed Grade: -4

   Minimum period: No path found
   Minimum input arrival time before clock: No path found
   Maximum output required time after clock: No path found
   Maximum combinational path delay: 9.113ns

Timing Detail:
--------------
All values displayed in nanoseconds (ns)

=========================================================================
Timing constraint: Default path analysis
  Total number of paths / destination ports: 53 / 5
-------------------------------------------------------------------------
Delay:               9.113ns (Levels of Logic = 6)
  Source:            A<1> (PAD)
  Destination:       S<4> (PAD)

  Data Path: A<1> to S<4>
                                Gate     Net
    Cell:in->out      fanout   Delay   Delay  Logical Name (Net Name)
    ----------------------------------------  ------------
     IBUF:I->O             4   1.218   0.762  A_1_IBUF (A_1_IBUF)
     LUT4:I0->O            1   0.704   0.000  Madd_s_soma1_Madd_cy<0>11 (Madd_s_soma1_Madd_cy<0>1)
     MUXF5:I1->O           2   0.321   0.526  Madd_s_soma1_Madd_cy<0>1_f5 (Madd_s_soma1_Madd_cy<0>)
     LUT4:I1->O            2   0.704   0.482  Madd_s_soma2_Madd_cy<0>11 (Madd_s_soma2_Madd_cy<0>)
     LUT4:I2->O            1   0.704   0.420  Mxor_S<4>_Result1 (S_4_OBUF)
     OBUF:I->O                 3.272          S_4_OBUF (S<4>)
    ----------------------------------------
    Total                      9.113ns (6.923ns logic, 2.190ns route)
                                       (76.0% logic, 24.0% route)

=========================================================================


Total REAL time to Xst completion: 6.00 secs
Total CPU time to Xst completion: 5.66 secs
 
--> 

Total memory usage is 4497108 kilobytes

Number of errors   :    0 (   0 filtered)
Number of warnings :    0 (   0 filtered)
Number of infos    :    0 (   0 filtered)

