Command line:
   ula_isim_beh.exe
     -simmode  gui
     -simrunnum  0
     -socket  51431

Fri May 07 13:20:57 2021


 Elaboration Time: 0.0625 sec

 Current Memory Usage: 5149.8 Meg

 Total Signals          : 15
 Total Nets             : 37
 Total Signal Drivers   : 15
 Total Blocks           : 4
 Total Primitive Blocks : 4
 Total Processes        : 15
 Total Traceable Variables  : 10
 Total Scalar Nets and Variables : 415
Total Line Count : 18
Total Line Count : 18
Total Line Count : 18
Total Line Count : 18
Total Line Count : 18
Total Line Count : 18
Total Line Count : 18
Total Line Count : 18
Total Line Count : 18
Total Line Count : 18

 Total Simulation Time: 1.35938 sec

 Current Memory Usage: 4677.94 Meg

Fri May 07 21:04:29 2021

