Command line:
   controle_tanque_isim_beh.exe
     -simmode  gui
     -simrunnum  0
     -socket  54552

Wed Apr 21 19:49:21 2021


 Elaboration Time: 0.03125 sec

 Current Memory Usage: 5150.2 Meg

 Total Signals          : 11
 Total Nets             : 11
 Total Signal Drivers   : 7
 Total Blocks           : 4
 Total Primitive Blocks : 4
 Total Processes        : 1
 Total Traceable Variables  : 10
 Total Scalar Nets and Variables : 389
Total Line Count : 7
Total Line Count : 7
Total Line Count : 7
Total Line Count : 7

 Total Simulation Time: 0.34375 sec

 Current Memory Usage: 4678.34 Meg

Fri Apr 23 08:20:21 2021

