Release 14.7 - xst P.20131013 (nt64)
Copyright (c) 1995-2013 Xilinx, Inc.  All rights reserved.
--> Parameter TMPDIR set to xst/projnav.tmp


Total REAL time to Xst completion: 0.00 secs
Total CPU time to Xst completion: 0.20 secs
 
--> Parameter xsthdpdir set to xst


Total REAL time to Xst completion: 0.00 secs
Total CPU time to Xst completion: 0.21 secs
 
--> Reading design: elevador.prj

TABLE OF CONTENTS
  1) Synthesis Options Summary
  2) HDL Compilation
  3) Design Hierarchy Analysis
  4) HDL Analysis
  5) HDL Synthesis
     5.1) HDL Synthesis Report
  6) Advanced HDL Synthesis
     6.1) Advanced HDL Synthesis Report
  7) Low Level Synthesis
  8) Partition Report
  9) Final Report
	9.1) Device utilization summary
	9.2) Partition Resource Summary
	9.3) TIMING REPORT


=========================================================================
*                      Synthesis Options Summary                        *
=========================================================================
---- Source Parameters
Input File Name                    : "elevador.prj"
Input Format                       : mixed
Ignore Synthesis Constraint File   : NO

---- Target Parameters
Output File Name                   : "elevador"
Output Format                      : NGC
Target Device                      : xc3s500e-4-fg320

---- Source Options
Top Module Name                    : elevador
Automatic FSM Extraction           : YES
FSM Encoding Algorithm             : Auto
Safe Implementation                : No
FSM Style                          : LUT
RAM Extraction                     : Yes
RAM Style                          : Auto
ROM Extraction                     : Yes
Mux Style                          : Auto
Decoder Extraction                 : YES
Priority Encoder Extraction        : Yes
Shift Register Extraction          : YES
Logical Shifter Extraction         : YES
XOR Collapsing                     : YES
ROM Style                          : Auto
Mux Extraction                     : Yes
Resource Sharing                   : YES
Asynchronous To Synchronous        : NO
Multiplier Style                   : Auto
Automatic Register Balancing       : No

---- Target Options
Add IO Buffers                     : YES
Global Maximum Fanout              : 100000
Add Generic Clock Buffer(BUFG)     : 24
Register Duplication               : YES
Slice Packing                      : YES
Optimize Instantiated Primitives   : NO
Use Clock Enable                   : Yes
Use Synchronous Set                : Yes
Use Synchronous Reset              : Yes
Pack IO Registers into IOBs        : Auto
Equivalent register Removal        : YES

---- General Options
Optimization Goal                  : Speed
Optimization Effort                : 1
Keep Hierarchy                     : No
Netlist Hierarchy                  : As_Optimized
RTL Output                         : Yes
Global Optimization                : AllClockNets
Read Cores                         : YES
Write Timing Constraints           : NO
Cross Clock Analysis               : NO
Hierarchy Separator                : /
Bus Delimiter                      : <>
Case Specifier                     : Maintain
Slice Utilization Ratio            : 100
BRAM Utilization Ratio             : 100
Verilog 2001                       : YES
Auto BRAM Packing                  : NO
Slice Utilization Ratio Delta      : 5

=========================================================================


=========================================================================
*                          HDL Compilation                              *
=========================================================================
Compiling vhdl file "C:/unisinos/prototipacao-digital-ga-1/GB/Elevador/aagb2/controle_estados.vhd" in Library work.
Architecture controle_estados of Entity controle_estados is up to date.
Compiling vhdl file "C:/unisinos/prototipacao-digital-ga-1/GB/Elevador/aagb2/controle_saidas.vhd" in Library work.
Entity <controle_saidas> compiled.
Entity <controle_saidas> (Architecture <controle_saidas>) compiled.
Compiling vhdl file "C:/unisinos/prototipacao-digital-ga-1/GB/Elevador/aagb2/elevador.vhd" in Library work.
Entity <elevador> compiled.
Entity <elevador> (Architecture <elevador>) compiled.

=========================================================================
*                     Design Hierarchy Analysis                         *
=========================================================================
Analyzing hierarchy for entity <elevador> in library <work> (architecture <elevador>).

Analyzing hierarchy for entity <controle_estados> in library <work> (architecture <controle_estados>).

Analyzing hierarchy for entity <controle_saidas> in library <work> (architecture <controle_saidas>).


=========================================================================
*                            HDL Analysis                               *
=========================================================================
Analyzing Entity <elevador> in library <work> (Architecture <elevador>).
Entity <elevador> analyzed. Unit <elevador> generated.

Analyzing Entity <controle_estados> in library <work> (Architecture <controle_estados>).
Entity <controle_estados> analyzed. Unit <controle_estados> generated.

Analyzing Entity <controle_saidas> in library <work> (Architecture <controle_saidas>).
Entity <controle_saidas> analyzed. Unit <controle_saidas> generated.


=========================================================================
*                           HDL Synthesis                               *
=========================================================================

Performing bidirectional port resolution...

Synthesizing Unit <controle_estados>.
    Related source file is "C:/unisinos/prototipacao-digital-ga-1/GB/Elevador/aagb2/controle_estados.vhd".
    Found finite state machine <FSM_0> for signal <estado>.
    -----------------------------------------------------------------------
    | States             | 6                                              |
    | Transitions        | 34                                             |
    | Inputs             | 7                                              |
    | Outputs            | 3                                              |
    | Clock              | clock                     (rising_edge)        |
    | Reset              | reset                     (positive)           |
    | Reset type         | asynchronous                                   |
    | Reset State        | andar1                                         |
    | Power Up State     | andar1                                         |
    | Encoding           | automatic                                      |
    | Implementation     | LUT                                            |
    -----------------------------------------------------------------------
    Found 3-bit register for signal <saida_estado>.
    Summary:
	inferred   1 Finite State Machine(s).
	inferred   3 D-type flip-flop(s).
Unit <controle_estados> synthesized.


Synthesizing Unit <controle_saidas>.
    Related source file is "C:/unisinos/prototipacao-digital-ga-1/GB/Elevador/aagb2/controle_saidas.vhd".
Unit <controle_saidas> synthesized.


Synthesizing Unit <elevador>.
    Related source file is "C:/unisinos/prototipacao-digital-ga-1/GB/Elevador/aagb2/elevador.vhd".
Unit <elevador> synthesized.


=========================================================================
HDL Synthesis Report

Macro Statistics
# Registers                                            : 1
 3-bit register                                        : 1

=========================================================================

=========================================================================
*                       Advanced HDL Synthesis                          *
=========================================================================

Analyzing FSM <FSM_0> for best encoding.
Optimizing FSM <estados/estado/FSM> on signal <estado[1:3]> with user encoding.
------------------------
 State      | Encoding
------------------------
 andar1     | 000
 andar2     | 001
 andar3     | 010
 subindo    | 011
 descendo   | 100
 emergencia | 101
------------------------

=========================================================================
Advanced HDL Synthesis Report

Macro Statistics
# FSMs                                                 : 1
# Registers                                            : 3
 Flip-Flops                                            : 3

=========================================================================

=========================================================================
*                         Low Level Synthesis                           *
=========================================================================

Optimizing unit <elevador> ...

Optimizing unit <controle_estados> ...

Mapping all equations...
Building and optimizing final netlist ...
Found area constraint ratio of 100 (+ 5) on block elevador, actual ratio is 0.

Final Macro Processing ...

=========================================================================
Final Register Report

Macro Statistics
# Registers                                            : 6
 Flip-Flops                                            : 6

=========================================================================

=========================================================================
*                           Partition Report                            *
=========================================================================

Partition Implementation Status
-------------------------------

  No Partitions were found in this design.

-------------------------------

=========================================================================
*                            Final Report                               *
=========================================================================
Final Results
RTL Top Level Output File Name     : elevador.ngr
Top Level Output File Name         : elevador
Output Format                      : NGC
Optimization Goal                  : Speed
Keep Hierarchy                     : No

Design Statistics
# IOs                              : 23

Cell Usage :
# BELS                             : 41
#      LUT2                        : 4
#      LUT3                        : 15
#      LUT4                        : 16
#      LUT4_L                      : 3
#      MUXF5                       : 3
# FlipFlops/Latches                : 6
#      FDC                         : 6
# Clock Buffers                    : 1
#      BUFGP                       : 1
# IO Buffers                       : 22
#      IBUF                        : 13
#      OBUF                        : 9
=========================================================================

Device utilization summary:
---------------------------

Selected Device : 3s500efg320-4 

 Number of Slices:                       21  out of   4656     0%  
 Number of Slice Flip Flops:              6  out of   9312     0%  
 Number of 4 input LUTs:                 38  out of   9312     0%  
 Number of IOs:                          23
 Number of bonded IOBs:                  23  out of    232     9%  
 Number of GCLKs:                         1  out of     24     4%  

---------------------------
Partition Resource Summary:
---------------------------

  No Partitions were found in this design.

---------------------------


=========================================================================
TIMING REPORT

NOTE: THESE TIMING NUMBERS ARE ONLY A SYNTHESIS ESTIMATE.
      FOR ACCURATE TIMING INFORMATION PLEASE REFER TO THE TRACE REPORT
      GENERATED AFTER PLACE-and-ROUTE.

Clock Information:
------------------
-----------------------------------+------------------------+-------+
Clock Signal                       | Clock buffer(FF name)  | Load  |
-----------------------------------+------------------------+-------+
clock                              | BUFGP                  | 6     |
-----------------------------------+------------------------+-------+

Asynchronous Control Signals Information:
----------------------------------------
-----------------------------------+------------------------+-------+
Control Signal                     | Buffer(FF name)        | Load  |
-----------------------------------+------------------------+-------+
reset                              | IBUF                   | 6     |
-----------------------------------+------------------------+-------+

Timing Summary:
---------------
Speed Grade: -4

   Minimum period: 4.531ns (Maximum Frequency: 220.702MHz)
   Minimum input arrival time before clock: 7.006ns
   Maximum output required time after clock: 5.897ns
   Maximum combinational path delay: No path found

Timing Detail:
--------------
All values displayed in nanoseconds (ns)

=========================================================================
Timing constraint: Default period analysis for Clock 'clock'
  Clock period: 4.531ns (frequency: 220.702MHz)
  Total number of paths / destination ports: 33 / 6
-------------------------------------------------------------------------
Delay:               4.531ns (Levels of Logic = 3)
  Source:            estados/estado_FSM_FFd3 (FF)
  Destination:       estados/estado_FSM_FFd1 (FF)
  Source Clock:      clock rising
  Destination Clock: clock rising

  Data Path: estados/estado_FSM_FFd3 to estados/estado_FSM_FFd1
                                Gate     Net
    Cell:in->out      fanout   Delay   Delay  Logical Name (Net Name)
    ----------------------------------------  ------------
     FDC:C->Q             12   0.591   0.965  estados/estado_FSM_FFd3 (estados/estado_FSM_FFd3)
     LUT4_L:I3->LO         1   0.704   0.104  estados/estado_FSM_FFd3-In1_SW0 (N11)
     LUT4:I3->O            2   0.704   0.451  estados/estado_FSM_FFd3-In1 (estados/estado_FSM_N2)
     LUT4:I3->O            1   0.704   0.000  estados/estado_FSM_FFd1-In87 (estados/estado_FSM_FFd1-In)
     FDC:D                     0.308          estados/estado_FSM_FFd1
    ----------------------------------------
    Total                      4.531ns (3.011ns logic, 1.520ns route)
                                       (66.5% logic, 33.5% route)

=========================================================================
Timing constraint: Default OFFSET IN BEFORE for Clock 'clock'
  Total number of paths / destination ports: 102 / 3
-------------------------------------------------------------------------
Offset:              7.006ns (Levels of Logic = 5)
  Source:            btn_andar_1_interno (PAD)
  Destination:       estados/estado_FSM_FFd1 (FF)
  Destination Clock: clock rising

  Data Path: btn_andar_1_interno to estados/estado_FSM_FFd1
                                Gate     Net
    Cell:in->out      fanout   Delay   Delay  Logical Name (Net Name)
    ----------------------------------------  ------------
     IBUF:I->O             4   1.218   0.762  btn_andar_1_interno_IBUF (btn_andar_1_interno_IBUF)
     LUT2:I0->O            5   0.704   0.808  estados/btn_andar_11 (estados/btn_andar_1)
     LUT4:I0->O            1   0.704   0.499  estados/estado_FSM_FFd1-In19 (estados/estado_FSM_FFd1-In19)
     LUT2:I1->O            1   0.704   0.595  estados/estado_FSM_FFd1-In20 (estados/estado_FSM_FFd1-In20)
     LUT4:I0->O            1   0.704   0.000  estados/estado_FSM_FFd1-In87 (estados/estado_FSM_FFd1-In)
     FDC:D                     0.308          estados/estado_FSM_FFd1
    ----------------------------------------
    Total                      7.006ns (4.342ns logic, 2.664ns route)
                                       (62.0% logic, 38.0% route)

=========================================================================
Timing constraint: Default OFFSET OUT AFTER for Clock 'clock'
  Total number of paths / destination ports: 27 / 9
-------------------------------------------------------------------------
Offset:              5.897ns (Levels of Logic = 2)
  Source:            estados/saida_estado_2 (FF)
  Destination:       indicador_subindo (PAD)
  Source Clock:      clock rising

  Data Path: estados/saida_estado_2 to indicador_subindo
                                Gate     Net
    Cell:in->out      fanout   Delay   Delay  Logical Name (Net Name)
    ----------------------------------------  ------------
     FDC:C->Q              7   0.591   0.883  estados/saida_estado_2 (estados/saida_estado_2)
     LUT3:I0->O            2   0.704   0.447  saidas/motor_subindo_cmp_eq00001 (indicador_subindo_OBUF)
     OBUF:I->O                 3.272          indicador_subindo_OBUF (indicador_subindo)
    ----------------------------------------
    Total                      5.897ns (4.567ns logic, 1.330ns route)
                                       (77.4% logic, 22.6% route)

=========================================================================


Total REAL time to Xst completion: 10.00 secs
Total CPU time to Xst completion: 10.26 secs
 
--> 

Total memory usage is 4513264 kilobytes

Number of errors   :    0 (   0 filtered)
Number of warnings :    0 (   0 filtered)
Number of infos    :    0 (   0 filtered)

