Running: C:\Xilinx\14.7\ISE_DS\ISE\bin\nt64\unwrapped\fuse.exe -intstyle ise -incremental -o C:/unisinos/prototipacao-digital-ga-1/GB/aagb1/cbits_isim_beh.exe -prj C:/unisinos/prototipacao-digital-ga-1/GB/aagb1/cbits_beh.prj work.cbits 
ISim P.20131013 (signature 0x7708f090)
Number of CPUs detected in this system: 4
Turning on mult-threading, number of parallel sub-compilation jobs: 8 
Determining compilation order of HDL files
Parsing VHDL file "C:/unisinos/prototipacao-digital-ga-1/GB/aagb1/aagb1.vhd" into library work
Starting static elaboration
Completed static elaboration
Compiling package standard
Compiling package std_logic_1164
Compiling package std_logic_arith
Compiling package std_logic_unsigned
Compiling architecture cbits of entity cbits
Time Resolution for simulation is 1ps.
Waiting for 1 sub-compilation(s) to finish...
WARNING:Simulator - Unable to copy libPortabilityNOSH.dll to the simulation executable directory: boost::filesystem::copy_file: The system cannot find the path specified, "isim\cbits_isim_beh.exe.sim\libPortability.dll".
Compiled 5 VHDL Units
Built simulation executable C:/unisinos/prototipacao-digital-ga-1/GB/aagb1/cbits_isim_beh.exe
Fuse Memory Usage: 34112 KB
Fuse CPU Usage: 765 ms
